# JRE version: OpenJDK Runtime Environment (8.0_242-b01) (build 1.8.0_242-release-1644-b01)
# Java VM: OpenJDK 64-Bit Server VM (25.242-b01 mixed mode windows-amd64 compressed oops)
Heap:
 PSYoungGen      total 70656K, used 15393K [0x00000000d6200000, 0x00000000dac00000, 0x0000000100000000)
  eden space 65536K, 23% used [0x00000000d6200000,0x00000000d7108690,0x00000000da200000)
  from space 5120K, 0% used [0x00000000da200000,0x00000000da200000,0x00000000da700000)
  to   space 5120K, 0% used [0x00000000da700000,0x00000000da700000,0x00000000dac00000)
 ParOldGen       total 93696K, used 37679K [0x0000000082600000, 0x0000000088180000, 0x00000000d6200000)
  object space 93696K, 40% used [0x0000000082600000,0x0000000084acbc78,0x0000000088180000)
 Metaspace       used 37047K, capacity 37696K, committed 38104K, reserved 1083392K
  class space    used 4594K, capacity 4744K, committed 4864K, reserved 1048576K
GC Heap History (10 events):
Event: 1.700 GC heap before
{Heap before GC invocations=3 (full 0):
 PSYoungGen      total 70656K, used 38641K [0x00000000d6200000, 0x00000000dac00000, 0x0000000100000000)
  eden space 65536K, 51% used [0x00000000d6200000,0x00000000d82c30a0,0x00000000da200000)
  from space 5120K, 99% used [0x00000000da700000,0x00000000dabf93b8,0x00000000dac00000)
  to   space 5120K, 0% used [0x00000000da200000,0x00000000da200000,0x00000000da700000)
 ParOldGen       total 86016K, used 7179K [0x0000000082600000, 0x0000000087a00000, 0x00000000d6200000)
  object space 86016K, 8% used [0x0000000082600000,0x0000000082d02e98,0x0000000087a00000)
 Metaspace       used 20655K, capacity 21082K, committed 21248K, reserved 1069056K
  class space    used 2357K, capacity 2491K, committed 2560K, reserved 1048576K
Event: 1.714 GC heap after
Heap after GC invocations=3 (full 0):
 PSYoungGen      total 70656K, used 5109K [0x00000000d6200000, 0x00000000dac00000, 0x0000000100000000)
  eden space 65536K, 0% used [0x00000000d6200000,0x00000000d6200000,0x00000000da200000)
  from space 5120K, 99% used [0x00000000da200000,0x00000000da6fd790,0x00000000da700000)
  to   space 5120K, 0% used [0x00000000da700000,0x00000000da700000,0x00000000dac00000)
 ParOldGen       total 86016K, used 24574K [0x0000000082600000, 0x0000000087a00000, 0x00000000d6200000)
  object space 86016K, 28% used [0x0000000082600000,0x0000000083dffa40,0x0000000087a00000)
 Metaspace       used 20655K, capacity 21082K, committed 21248K, reserved 1069056K
  class space    used 2357K, capacity 2491K, committed 2560K, reserved 1048576K
}
Event: 1.714 GC heap before
{Heap before GC invocations=4 (full 1):
 PSYoungGen      total 70656K, used 5109K [0x00000000d6200000, 0x00000000dac00000, 0x0000000100000000)
  eden space 65536K, 0% used [0x00000000d6200000,0x00000000d6200000,0x00000000da200000)
  from space 5120K, 99% used [0x00000000da200000,0x00000000da6fd790,0x00000000da700000)
  to   space 5120K, 0% used [0x00000000da700000,0x00000000da700000,0x00000000dac00000)
 ParOldGen       total 86016K, used 24574K [0x0000000082600000, 0x0000000087a00000, 0x00000000d6200000)
  object space 86016K, 28% used [0x0000000082600000,0x0000000083dffa40,0x0000000087a00000)
 Metaspace       used 20655K, capacity 21082K, committed 21248K, reserved 1069056K
  class space    used 2357K, capacity 2491K, committed 2560K, reserved 1048576K
Event: 1.769 GC heap after
Heap after GC invocations=4 (full 1):
 PSYoungGen      total 70656K, used 0K [0x00000000d6200000, 0x00000000dac00000, 0x0000000100000000)
  eden space 65536K, 0% used [0x00000000d6200000,0x00000000d6200000,0x00000000da200000)
  from space 5120K, 0% used [0x00000000da200000,0x00000000da200000,0x00000000da700000)
  to   space 5120K, 0% used [0x00000000da700000,0x00000000da700000,0x00000000dac00000)
 ParOldGen       total 93696K, used 22322K [0x0000000082600000, 0x0000000088180000, 0x00000000d6200000)
  object space 93696K, 23% used [0x0000000082600000,0x0000000083bcc938,0x0000000088180000)
 Metaspace       used 20655K, capacity 21082K, committed 21248K, reserved 1069056K
  class space    used 2357K, capacity 2491K, committed 2560K, reserved 1048576K
}
Event: 3.089 GC heap before
{Heap before GC invocations=5 (full 1):
 PSYoungGen      total 70656K, used 65536K [0x00000000d6200000, 0x00000000dac00000, 0x0000000100000000)
  eden space 65536K, 100% used [0x00000000d6200000,0x00000000da200000,0x00000000da200000)
  from space 5120K, 0% used [0x00000000da200000,0x00000000da200000,0x00000000da700000)
  to   space 5120K, 0% used [0x00000000da700000,0x00000000da700000,0x00000000dac00000)
 ParOldGen       total 93696K, used 22322K [0x0000000082600000, 0x0000000088180000, 0x00000000d6200000)
  object space 93696K, 23% used [0x0000000082600000,0x0000000083bcc938,0x0000000088180000)
 Metaspace       used 28395K, capacity 28976K, committed 29440K, reserved 1075200K
  class space    used 3563K, capacity 3732K, committed 3840K, reserved 1048576K
Event: 3.104 GC heap after
Heap after GC invocations=5 (full 1):
 PSYoungGen      total 70656K, used 5111K [0x00000000d6200000, 0x00000000dac00000, 0x0000000100000000)
  eden space 65536K, 0% used [0x00000000d6200000,0x00000000d6200000,0x00000000da200000)
  from space 5120K, 99% used [0x00000000da700000,0x00000000dabfdc80,0x00000000dac00000)
  to   space 5120K, 0% used [0x00000000da200000,0x00000000da200000,0x00000000da700000)
 ParOldGen       total 93696K, used 30890K [0x0000000082600000, 0x0000000088180000, 0x00000000d6200000)
  object space 93696K, 32% used [0x0000000082600000,0x000000008442a8e8,0x0000000088180000)
 Metaspace       used 28395K, capacity 28976K, committed 29440K, reserved 1075200K
  class space    used 3563K, capacity 3732K, committed 3840K, reserved 1048576K
}
Event: 3.693 GC heap before
{Heap before GC invocations=6 (full 1):
 PSYoungGen      total 70656K, used 47097K [0x00000000d6200000, 0x00000000dac00000, 0x0000000100000000)
  eden space 65536K, 64% used [0x00000000d6200000,0x00000000d8b00930,0x00000000da200000)
  from space 5120K, 99% used [0x00000000da700000,0x00000000dabfdc80,0x00000000dac00000)
  to   space 5120K, 0% used [0x00000000da200000,0x00000000da200000,0x00000000da700000)
 ParOldGen       total 93696K, used 30890K [0x0000000082600000, 0x0000000088180000, 0x00000000d6200000)
  object space 93696K, 32% used [0x0000000082600000,0x000000008442a8e8,0x0000000088180000)
 Metaspace       used 34612K, capacity 35140K, committed 35416K, reserved 1081344K
  class space    used 4311K, capacity 4476K, committed 4480K, reserved 1048576K
Event: 3.707 GC heap after
Heap after GC invocations=6 (full 1):
 PSYoungGen      total 70656K, used 5091K [0x00000000d6200000, 0x00000000dac00000, 0x0000000100000000)
  eden space 65536K, 0% used [0x00000000d6200000,0x00000000d6200000,0x00000000da200000)
  from space 5120K, 99% used [0x00000000da200000,0x00000000da6f8c70,0x00000000da700000)
  to   space 5120K, 0% used [0x00000000da700000,0x00000000da700000,0x00000000dac00000)
 ParOldGen       total 93696K, used 42243K [0x0000000082600000, 0x0000000088180000, 0x00000000d6200000)
  object space 93696K, 45% used [0x0000000082600000,0x0000000084f40cd0,0x0000000088180000)
 Metaspace       used 34612K, capacity 35140K, committed 35416K, reserved 1081344K
  class space    used 4311K, capacity 4476K, committed 4480K, reserved 1048576K
}
Event: 3.707 GC heap before
{Heap before GC invocations=7 (full 2):
 PSYoungGen      total 70656K, used 5091K [0x00000000d6200000, 0x00000000dac00000, 0x0000000100000000)
  eden space 65536K, 0% used [0x00000000d6200000,0x00000000d6200000,0x00000000da200000)
  from space 5120K, 99% used [0x00000000da200000,0x00000000da6f8c70,0x00000000da700000)
  to   space 5120K, 0% used [0x00000000da700000,0x00000000da700000,0x00000000dac00000)
 ParOldGen       total 93696K, used 42243K [0x0000000082600000, 0x0000000088180000, 0x00000000d6200000)
  object space 93696K, 45% used [0x0000000082600000,0x0000000084f40cd0,0x0000000088180000)
 Metaspace       used 34612K, capacity 35140K, committed 35416K, reserved 1081344K
  class space    used 4311K, capacity 4476K, committed 4480K, reserved 1048576K
Event: 3.783 GC heap after
Heap after GC invocations=7 (full 2):
 PSYoungGen      total 70656K, used 0K [0x00000000d6200000, 0x00000000dac00000, 0x0000000100000000)
  eden space 65536K, 0% used [0x00000000d6200000,0x00000000d6200000,0x00000000da200000)
  from space 5120K, 0% used [0x00000000da200000,0x00000000da200000,0x00000000da700000)
  to   space 5120K, 0% used [0x00000000da700000,0x00000000da700000,0x00000000dac00000)
 ParOldGen       total 93696K, used 37679K [0x0000000082600000, 0x0000000088180000, 0x00000000d6200000)
  object space 93696K, 40% used [0x0000000082600000,0x0000000084acbc78,0x0000000088180000)
 Metaspace       used 34612K, capacity 35140K, committed 35416K, reserved 1081344K
  class space    used 4311K, capacity 4476K, committed 4480K, reserved 1048576K
}

